This is pdfTeX, Version 3.14159265-2.6-1.40.20 (TeX Live 2019) (preloaded format=pdflatex 2019.7.23)  12 DEC 2019 11:49
entering extended mode
 restricted \write18 enabled.
 file:line:error style messages enabled.
 %&-line parsing enabled.
**"Hubbard Model.tex"
(./Hubbard Model.tex
LaTeX2e <2018-12-01>
(/usr/local/texlive/2019/texmf-dist/tex/latex/base/article.cls
Document Class: article 2018/09/03 v1.4i Standard LaTeX document class
(/usr/local/texlive/2019/texmf-dist/tex/latex/base/size10.clo
File: size10.clo 2018/09/03 v1.4i Standard LaTeX file (size option)
)
\c@part=\count80
\c@section=\count81
\c@subsection=\count82
\c@subsubsection=\count83
\c@paragraph=\count84
\c@subparagraph=\count85
\c@figure=\count86
\c@table=\count87
\abovecaptionskip=\skip41
\belowcaptionskip=\skip42
\bibindent=\dimen102
) (/usr/local/texlive/2019/texmf-dist/tex/latex/blindtext/blindtext.sty
Package: blindtext 2012/01/06 V2.0 blindtext-Package
 (/usr/local/texlive/2019/texmf-dist/tex/latex/tools/xspace.sty
Package: xspace 2014/10/28 v1.13 Space after command names (DPC,MH)
)
\c@blindtext=\count88
\c@Blindtext=\count89
\c@blind@countparstart=\count90
\blind@countxx=\count91
\blindtext@numBlindtext=\count92
\blind@countyy=\count93
\c@blindlist=\count94
\c@blindlistlevel=\count95
\c@blindlist@level=\count96
\blind@listitem=\count97
\c@blind@listcount=\count98
\c@blind@levelcount=\count99
\blind@mathformula=\count100
\blind@Mathformula=\count101
\c@blind@randomcount=\count102
\c@blind@randommax=\count103
\c@blind@pangramcount=\count104
\c@blind@pangrammax=\count105
) (/usr/local/texlive/2019/texmf-dist/tex/latex/psnfss/mathpazo.sty
Package: mathpazo 2005/04/12 PSNFSS-v9.2a Palatino w/ Pazo Math (D.Puga, WaS) 
\symupright=\mathgroup4
) (/usr/local/texlive/2019/texmf-dist/tex/latex/base/fontenc.sty
Package: fontenc 2018/08/11 v2.0j Standard LaTeX package
 (/usr/local/texlive/2019/texmf-dist/tex/latex/base/t1enc.def
File: t1enc.def 2018/08/11 v2.0j Standard LaTeX file
LaTeX Font Info:    Redeclaring font encoding T1 on input line 48.
)) (/usr/local/texlive/2019/texmf-dist/tex/latex/microtype/microtype.sty
Package: microtype 2019/02/28 v2.7b Micro-typographical refinements (RS)
 (/usr/local/texlive/2019/texmf-dist/tex/latex/graphics/keyval.sty
Package: keyval 2014/10/28 v1.15 key=value parser (DPC)
\KV@toks@=\toks14
)
\MT@toks=\toks15
\MT@count=\count106
LaTeX Info: Redefining \textls on input line 790.
\MT@outer@kern=\dimen103
LaTeX Info: Redefining \textmicrotypecontext on input line 1336.
\MT@listname@count=\count107
 (/usr/local/texlive/2019/texmf-dist/tex/latex/microtype/microtype-pdftex.def
File: microtype-pdftex.def 2019/02/28 v2.7b Definitions specific to pdftex (RS)
LaTeX Info: Redefining \lsstyle on input line 914.
LaTeX Info: Redefining \lslig on input line 914.
\MT@outer@space=\skip43
)
Package microtype Info: Loading configuration file microtype.cfg.
 (/usr/local/texlive/2019/texmf-dist/tex/latex/microtype/microtype.cfg
File: microtype.cfg 2019/02/28 v2.7b microtype main configuration file (RS)
)) (/usr/local/texlive/2019/texmf-dist/tex/latex/amsmath/amsmath.sty
Package: amsmath 2018/12/01 v2.17b AMS math features
\@mathmargin=\skip44

For additional information on amsmath, use the `?' option.
(/usr/local/texlive/2019/texmf-dist/tex/latex/amsmath/amstext.sty
Package: amstext 2000/06/29 v2.01 AMS text
 (/usr/local/texlive/2019/texmf-dist/tex/latex/amsmath/amsgen.sty
File: amsgen.sty 1999/11/30 v2.0 generic functions
\@emptytoks=\toks16
\ex@=\dimen104
)) (/usr/local/texlive/2019/texmf-dist/tex/latex/amsmath/amsbsy.sty
Package: amsbsy 1999/11/29 v1.2d Bold Symbols
\pmbraise@=\dimen105
) (/usr/local/texlive/2019/texmf-dist/tex/latex/amsmath/amsopn.sty
Package: amsopn 2016/03/08 v2.02 operator names
)
\inf@bad=\count108
LaTeX Info: Redefining \frac on input line 223.
\uproot@=\count109
\leftroot@=\count110
LaTeX Info: Redefining \overline on input line 385.
\classnum@=\count111
\DOTSCASE@=\count112
LaTeX Info: Redefining \ldots on input line 482.
LaTeX Info: Redefining \dots on input line 485.
LaTeX Info: Redefining \cdots on input line 606.
\Mathstrutbox@=\box27
\strutbox@=\box28
\big@size=\dimen106
LaTeX Font Info:    Redeclaring font encoding OML on input line 729.
LaTeX Font Info:    Redeclaring font encoding OMS on input line 730.
\macc@depth=\count113
\c@MaxMatrixCols=\count114
\dotsspace@=\muskip10
\c@parentequation=\count115
\dspbrk@lvl=\count116
\tag@help=\toks17
\row@=\count117
\column@=\count118
\maxfields@=\count119
\andhelp@=\toks18
\eqnshift@=\dimen107
\alignsep@=\dimen108
\tagshift@=\dimen109
\tagwidth@=\dimen110
\totwidth@=\dimen111
\lineht@=\dimen112
\@envbody=\toks19
\multlinegap=\skip45
\multlinetaggap=\skip46
\mathdisplay@stack=\toks20
LaTeX Info: Redefining \[ on input line 2844.
LaTeX Info: Redefining \] on input line 2845.
) (/usr/local/texlive/2019/texmf-dist/tex/generic/babel/babel.sty
Package: babel 2019/05/04 3.31 The Babel package
 (/usr/local/texlive/2019/texmf-dist/tex/generic/babel/switch.def
File: switch.def 2019/05/04 3.31 Babel switching mechanism
) (/usr/local/texlive/2019/texmf-dist/tex/generic/babel-english/english.ldf
Language: english 2017/06/06 v3.3r English support from the babel system
 (/usr/local/texlive/2019/texmf-dist/tex/generic/babel/babel.def
File: babel.def 2019/05/04 3.31 Babel common definitions
\babel@savecnt=\count120
\U@D=\dimen113
 (/usr/local/texlive/2019/texmf-dist/tex/generic/babel/txtbabel.def)
\bbl@dirlevel=\count121
)
\l@canadian = a dialect from \language\l@american 
\l@australian = a dialect from \language\l@british 
\l@newzealand = a dialect from \language\l@british 
)) (/usr/local/texlive/2019/texmf-dist/tex/latex/geometry/geometry.sty
Package: geometry 2018/04/16 v5.8 Page Geometry
 (/usr/local/texlive/2019/texmf-dist/tex/generic/oberdiek/ifpdf.sty
Package: ifpdf 2018/09/07 v3.3 Provides the ifpdf switch
) (/usr/local/texlive/2019/texmf-dist/tex/generic/oberdiek/ifvtex.sty
Package: ifvtex 2016/05/16 v1.6 Detect VTeX and its facilities (HO)
Package ifvtex Info: VTeX not detected.
) (/usr/local/texlive/2019/texmf-dist/tex/generic/ifxetex/ifxetex.sty
Package: ifxetex 2010/09/12 v0.6 Provides ifxetex conditional
)
\Gm@cnth=\count122
\Gm@cntv=\count123
\c@Gm@tempcnt=\count124
\Gm@bindingoffset=\dimen114
\Gm@wd@mp=\dimen115
\Gm@odd@mp=\dimen116
\Gm@even@mp=\dimen117
\Gm@layoutwidth=\dimen118
\Gm@layoutheight=\dimen119
\Gm@layouthoffset=\dimen120
\Gm@layoutvoffset=\dimen121
\Gm@dimlist=\toks21
) (/usr/local/texlive/2019/texmf-dist/tex/latex/caption/caption.sty
Package: caption 2018/10/06 v3.3-154 Customizing captions (AR)

(/usr/local/texlive/2019/texmf-dist/tex/latex/caption/caption3.sty
Package: caption3 2018/09/12 v1.8c caption3 kernel (AR)
Package caption3 Info: TeX engine: e-TeX on input line 64.
\captionmargin=\dimen122
\captionmargin@=\dimen123
\captionwidth=\dimen124
\caption@tempdima=\dimen125
\caption@indent=\dimen126
\caption@parindent=\dimen127
\caption@hangindent=\dimen128
)
\c@caption@flags=\count125
\c@ContinuedFloat=\count126
) (/usr/local/texlive/2019/texmf-dist/tex/latex/booktabs/booktabs.sty
Package: booktabs 2016/04/27 v1.618033 publication quality tables
\heavyrulewidth=\dimen129
\lightrulewidth=\dimen130
\cmidrulewidth=\dimen131
\belowrulesep=\dimen132
\belowbottomsep=\dimen133
\aboverulesep=\dimen134
\abovetopsep=\dimen135
\cmidrulesep=\dimen136
\cmidrulekern=\dimen137
\defaultaddspace=\dimen138
\@cmidla=\count127
\@cmidlb=\count128
\@aboverulesep=\dimen139
\@belowrulesep=\dimen140
\@thisruleclass=\count129
\@lastruleclass=\count130
\@thisrulewidth=\dimen141
) (/usr/local/texlive/2019/texmf-dist/tex/latex/lettrine/lettrine.sty
File: lettrine.sty 2019-04-06 v2.22 (Daniel Flipo)
 (/usr/local/texlive/2019/texmf-dist/tex/generic/minifp/minifp.sty
Package: minifp 2013/12/30 v0.96. Macros for real number operations and a stack-based programing language.
\MFP@loopctr=\count131
)
\c@DefaultLines=\count132
\c@DefaultDepth=\count133
\DefaultFindent=\dimen142
\DefaultNindent=\dimen143
\DefaultSlope=\dimen144
\DiscardVskip=\dimen145
\L@lbox=\box29
\L@tbox=\box30
\c@L@lines=\count134
\c@L@depth=\count135
\L@Pindent=\dimen146
\L@Findent=\dimen147
\L@Nindent=\dimen148
\L@lraise=\dimen149
\L@first=\dimen150
\L@next=\dimen151
\L@slope=\dimen152
\L@height=\dimen153
\L@novskip=\dimen154
\L@target@ht=\dimen155
\L@target@dp=\dimen156
\L@target@tht=\dimen157
\LettrineWidth=\dimen158
\LettrineHeight=\dimen159
\LettrineDepth=\dimen160
\Llist@everypar=\toks22

Loading lettrine.cfg
(/usr/local/texlive/2019/texmf-dist/tex/latex/lettrine/lettrine.cfg)) (/usr/local/texlive/2019/texmf-dist/tex/latex/graphics/graphicx.sty
Package: graphicx 2017/06/01 v1.1a Enhanced LaTeX Graphics (DPC,SPQR)
 (/usr/local/texlive/2019/texmf-dist/tex/latex/graphics/graphics.sty
Package: graphics 2017/06/25 v1.2c Standard LaTeX Graphics (DPC,SPQR)
 (/usr/local/texlive/2019/texmf-dist/tex/latex/graphics/trig.sty
Package: trig 2016/01/03 v1.10 sin cos tan (DPC)
) (/usr/local/texlive/2019/texmf-dist/tex/latex/graphics-cfg/graphics.cfg
File: graphics.cfg 2016/06/04 v1.11 sample graphics configuration
)
Package graphics Info: Driver file: pdftex.def on input line 99.
 (/usr/local/texlive/2019/texmf-dist/tex/latex/graphics-def/pdftex.def
File: pdftex.def 2018/01/08 v1.0l Graphics/color driver for pdftex
))
\Gin@req@height=\dimen161
\Gin@req@width=\dimen162
) (/usr/local/texlive/2019/texmf-dist/tex/latex/enumitem/enumitem.sty
Package: enumitem 2019/02/04 v3.8 Customized lists
\labelindent=\skip47
\enit@outerparindent=\dimen163
\enit@toks=\toks23
\enit@inbox=\box31
\enit@count@id=\count136
\enitdp@description=\count137
) (/usr/local/texlive/2019/texmf-dist/tex/latex/abstract/abstract.sty
Package: abstract 2009/06/08 v1.2a configurable abstracts
\abstitleskip=\skip48
\absleftindent=\skip49
\absrightindent=\skip50
\absparindent=\skip51
\absparsep=\skip52
) (/usr/local/texlive/2019/texmf-dist/tex/latex/titlesec/titlesec.sty
Package: titlesec 2016/03/21 v2.10.2 Sectioning titles
\ttl@box=\box32
\beforetitleunit=\skip53
\aftertitleunit=\skip54
\ttl@plus=\dimen164
\ttl@minus=\dimen165
\ttl@toksa=\toks24
\titlewidth=\dimen166
\titlewidthlast=\dimen167
\titlewidthfirst=\dimen168
) (/usr/local/texlive/2019/texmf-dist/tex/latex/titlesec/block.tss
File: block.tss 2016/03/15
) (/usr/local/texlive/2019/texmf-dist/tex/latex/fancyhdr/fancyhdr.sty
Package: fancyhdr 2019/01/31 v3.10 Extensive control of page headers and footers
\f@nch@headwidth=\skip55
\f@nch@O@elh=\skip56
\f@nch@O@erh=\skip57
\f@nch@O@olh=\skip58
\f@nch@O@orh=\skip59
\f@nch@O@elf=\skip60
\f@nch@O@erf=\skip61
\f@nch@O@olf=\skip62
\f@nch@O@orf=\skip63
) (/usr/local/texlive/2019/texmf-dist/tex/latex/titling/titling.sty
Package: titling 2009/09/04 v2.1d maketitle typesetting
\thanksmarkwidth=\skip64
\thanksmargin=\skip65
\droptitle=\skip66
) (/usr/local/texlive/2019/texmf-dist/tex/latex/hyperref/hyperref.sty
Package: hyperref 2018/11/30 v6.88e Hypertext links for LaTeX
 (/usr/local/texlive/2019/texmf-dist/tex/generic/oberdiek/hobsub-hyperref.sty
Package: hobsub-hyperref 2016/05/16 v1.14 Bundle oberdiek, subset hyperref (HO)

(/usr/local/texlive/2019/texmf-dist/tex/generic/oberdiek/hobsub-generic.sty
Package: hobsub-generic 2016/05/16 v1.14 Bundle oberdiek, subset generic (HO)
Package: hobsub 2016/05/16 v1.14 Construct package bundles (HO)
Package: infwarerr 2016/05/16 v1.4 Providing info/warning/error messages (HO)
Package: ltxcmds 2016/05/16 v1.23 LaTeX kernel commands for general use (HO)
Package: ifluatex 2016/05/16 v1.4 Provides the ifluatex switch (HO)
Package ifluatex Info: LuaTeX not detected.
Package hobsub Info: Skipping package `ifvtex' (already loaded).
Package: intcalc 2016/05/16 v1.2 Expandable calculations with integers (HO)
Package hobsub Info: Skipping package `ifpdf' (already loaded).
Package: etexcmds 2016/05/16 v1.6 Avoid name clashes with e-TeX commands (HO)
Package: kvsetkeys 2016/05/16 v1.17 Key value parser (HO)
Package: kvdefinekeys 2016/05/16 v1.4 Define keys (HO)
Package: pdftexcmds 2018/09/10 v0.29 Utility functions of pdfTeX for LuaTeX (HO)
Package pdftexcmds Info: LuaTeX not detected.
Package pdftexcmds Info: \pdf@primitive is available.
Package pdftexcmds Info: \pdf@ifprimitive is available.
Package pdftexcmds Info: \pdfdraftmode found.
Package: pdfescape 2016/05/16 v1.14 Implements pdfTeX's escape features (HO)
Package: bigintcalc 2016/05/16 v1.4 Expandable calculations on big integers (HO)
Package: bitset 2016/05/16 v1.2 Handle bit-vector datatype (HO)
Package: uniquecounter 2016/05/16 v1.3 Provide unlimited unique counter (HO)
)
Package hobsub Info: Skipping package `hobsub' (already loaded).
Package: letltxmacro 2016/05/16 v1.5 Let assignment for LaTeX macros (HO)
Package: hopatch 2016/05/16 v1.3 Wrapper for package hooks (HO)
Package: xcolor-patch 2016/05/16 xcolor patch
Package: atveryend 2016/05/16 v1.9 Hooks at the very end of document (HO)
Package atveryend Info: \enddocument detected (standard20110627).
Package: atbegshi 2016/06/09 v1.18 At begin shipout hook (HO)
Package: refcount 2016/05/16 v3.5 Data extraction from label references (HO)
Package: hycolor 2016/05/16 v1.8 Color options for hyperref/bookmark (HO)
) (/usr/local/texlive/2019/texmf-dist/tex/latex/oberdiek/auxhook.sty
Package: auxhook 2016/05/16 v1.4 Hooks for auxiliary files (HO)
) (/usr/local/texlive/2019/texmf-dist/tex/latex/oberdiek/kvoptions.sty
Package: kvoptions 2016/05/16 v3.12 Key value format for package options (HO)
)
\@linkdim=\dimen169
\Hy@linkcounter=\count138
\Hy@pagecounter=\count139
 (/usr/local/texlive/2019/texmf-dist/tex/latex/hyperref/pd1enc.def
File: pd1enc.def 2018/11/30 v6.88e Hyperref: PDFDocEncoding definition (HO)
Now handling font encoding PD1 ...
... no UTF-8 mapping file for font encoding PD1
)
\Hy@SavedSpaceFactor=\count140
 (/usr/local/texlive/2019/texmf-dist/tex/latex/latexconfig/hyperref.cfg
File: hyperref.cfg 2002/06/06 v1.2 hyperref configuration of TeXLive
)
Package hyperref Info: Hyper figures OFF on input line 4519.
Package hyperref Info: Link nesting OFF on input line 4524.
Package hyperref Info: Hyper index ON on input line 4527.
Package hyperref Info: Plain pages OFF on input line 4534.
Package hyperref Info: Backreferencing OFF on input line 4539.
Package hyperref Info: Implicit mode ON; LaTeX internals redefined.
Package hyperref Info: Bookmarks ON on input line 4772.
\c@Hy@tempcnt=\count141
 (/usr/local/texlive/2019/texmf-dist/tex/latex/url/url.sty
\Urlmuskip=\muskip11
Package: url 2013/09/16  ver 3.4  Verb mode for urls, etc.
)
LaTeX Info: Redefining \url on input line 5125.
\XeTeXLinkMargin=\dimen170
\Fld@menulength=\count142
\Field@Width=\dimen171
\Fld@charsize=\dimen172
Package hyperref Info: Hyper figures OFF on input line 6380.
Package hyperref Info: Link nesting OFF on input line 6385.
Package hyperref Info: Hyper index ON on input line 6388.
Package hyperref Info: backreferencing OFF on input line 6395.
Package hyperref Info: Link coloring OFF on input line 6400.
Package hyperref Info: Link coloring with OCG OFF on input line 6405.
Package hyperref Info: PDF/A mode OFF on input line 6410.
LaTeX Info: Redefining \ref on input line 6450.
LaTeX Info: Redefining \pageref on input line 6454.
\Hy@abspage=\count143
\c@Item=\count144
\c@Hfootnote=\count145
)
Package hyperref Info: Driver (autodetected): hpdftex.
 (/usr/local/texlive/2019/texmf-dist/tex/latex/hyperref/hpdftex.def
File: hpdftex.def 2018/11/30 v6.88e Hyperref driver for pdfTeX
\Fld@listcount=\count146
\c@bookmark@seq@number=\count147
 (/usr/local/texlive/2019/texmf-dist/tex/latex/oberdiek/rerunfilecheck.sty
Package: rerunfilecheck 2016/05/16 v1.8 Rerun checks for auxiliary files (HO)
Package uniquecounter Info: New unique counter `rerunfilecheck' on input line 282.
)
\Hy@SectionHShift=\skip67
)
Runaway argument?
{ 
./Hubbard Model.tex:78: Paragraph ended before \author was complete.
<to be read again> 
                   \par 
l.78 
     
I suspect you've forgotten a `}', causing me to apply this
control sequence to too much text. How can we recover?
My plan is to forget the whole thing and hope for the best.

./Hubbard Model.tex:79: Too many }'s.
l.79 }
      
You've closed more groups than you opened.
Such booboos are generally harmless, so keep going.

(./Hubbard Model.aux

LaTeX Warning: Label `eq:b_chain' multiply defined.


LaTeX Warning: Label `eq:hubb_hamiltonian_solution_full' multiply defined.


LaTeX Warning: Label `eq:hubb_hamiltonian_solution_full' multiply defined.

)
\openout1 = `"Hubbard Model.aux"'.

LaTeX Font Info:    Checking defaults for OML/cmm/m/it on input line 94.
LaTeX Font Info:    ... okay on input line 94.
LaTeX Font Info:    Checking defaults for T1/cmr/m/n on input line 94.
LaTeX Font Info:    ... okay on input line 94.
LaTeX Font Info:    Checking defaults for OT1/cmr/m/n on input line 94.
LaTeX Font Info:    ... okay on input line 94.
LaTeX Font Info:    Checking defaults for OMS/cmsy/m/n on input line 94.
LaTeX Font Info:    ... okay on input line 94.
LaTeX Font Info:    Checking defaults for OMX/cmex/m/n on input line 94.
LaTeX Font Info:    ... okay on input line 94.
LaTeX Font Info:    Checking defaults for U/cmr/m/n on input line 94.
LaTeX Font Info:    ... okay on input line 94.
LaTeX Font Info:    Checking defaults for PD1/pdf/m/n on input line 94.
LaTeX Font Info:    ... okay on input line 94.
LaTeX Font Info:    Try loading font information for T1+pplx on input line 94.
 (/usr/local/texlive/2019/texmf-dist/tex/latex/psnfss/t1pplx.fd
File: t1pplx.fd 2004/09/06 font definitions for T1/pplx.
)
LaTeX Info: Redefining \microtypecontext on input line 94.
Package microtype Info: Generating PDF output.
Package microtype Info: Character protrusion enabled (level 2).
Package microtype Info: Using default protrusion set `alltext'.
Package microtype Info: Automatic font expansion enabled (level 2),
(microtype)             stretch: 20, shrink: 20, step: 1, non-selected.
Package microtype Info: Using default expansion set `basictext'.
Package microtype Info: No adjustment of tracking.
Package microtype Info: No adjustment of interword spacing.
Package microtype Info: No adjustment of character kerning.
 (/usr/local/texlive/2019/texmf-dist/tex/latex/microtype/mt-ppl.cfg
File: mt-ppl.cfg 2005/11/16 v1.6 microtype config. file: Palatino (RS)
)
*geometry* driver: auto-detecting
*geometry* detected driver: pdftex
*geometry* verbose mode - [ preamble ] result:
* driver: pdftex
* paper: <default>
* layout: <same size as paper>
* layoutoffset:(h,v)=(0.0pt,0.0pt)
* hratio: 1:1
* modes: twoside 
* h-part:(L,W,R)=(92.14519pt, 430.00462pt, 92.14519pt)
* v-part:(T,H,B)=(91.04881pt, 608.5238pt, 95.39737pt)
* \paperwidth=614.295pt
* \paperheight=794.96999pt
* \textwidth=430.00462pt
* \textheight=608.5238pt
* \oddsidemargin=19.8752pt
* \evensidemargin=19.8752pt
* \topmargin=-18.22118pt
* \headheight=12.0pt
* \headsep=25.0pt
* \topskip=10.0pt
* \footskip=30.0pt
* \marginparwidth=48.0pt
* \marginparsep=10.0pt
* \columnsep=20.0pt
* \skip\footins=9.0pt plus 4.0pt minus 2.0pt
* \hoffset=0.0pt
* \voffset=0.0pt
* \mag=1000
* \@twocolumntrue
* \@twosidetrue
* \@mparswitchtrue
* \@reversemarginfalse
* (1in=72.27pt=25.4mm, 1cm=28.453pt)

Package caption Info: Begin \AtBeginDocument code.
Package caption Info: hyperref package is loaded.
Package caption Info: End \AtBeginDocument code.
(/usr/local/texlive/2019/texmf-dist/tex/context/base/mkii/supp-pdf.mkii
[Loading MPS to PDF converter (version 2006.09.02).]
\scratchcounter=\count148
\scratchdimen=\dimen173
\scratchbox=\box33
\nofMPsegments=\count149
\nofMParguments=\count150
\everyMPshowfont=\toks25
\MPscratchCnt=\count151
\MPscratchDim=\dimen174
\MPnumerator=\count152
\makeMPintoPDFobject=\count153
\everyMPtoPDFconversion=\toks26
) (/usr/local/texlive/2019/texmf-dist/tex/latex/oberdiek/epstopdf-base.sty
Package: epstopdf-base 2016/05/15 v2.6 Base part for package epstopdf
 (/usr/local/texlive/2019/texmf-dist/tex/latex/oberdiek/grfext.sty
Package: grfext 2016/05/16 v1.2 Manage graphics extensions (HO)
)
Package epstopdf-base Info: Redefining graphics rule for `.eps' on input line 438.
Package grfext Info: Graphics extension search list:
(grfext)             [.pdf,.png,.jpg,.mps,.jpeg,.jbig2,.jb2,.PDF,.PNG,.JPG,.JPEG,.JBIG2,.JB2,.eps]
(grfext)             \AppendGraphicsExtensions on input line 456.
 (/usr/local/texlive/2019/texmf-dist/tex/latex/latexconfig/epstopdf-sys.cfg
File: epstopdf-sys.cfg 2010/07/13 v1.3 Configuration of (r)epstopdf for TeX Live
))
\AtBeginShipoutBox=\box34
Package hyperref Info: Link coloring OFF on input line 94.
 (/usr/local/texlive/2019/texmf-dist/tex/latex/hyperref/nameref.sty
Package: nameref 2016/05/21 v2.44 Cross-referencing by name of section
 (/usr/local/texlive/2019/texmf-dist/tex/generic/oberdiek/gettitlestring.sty
Package: gettitlestring 2016/05/16 v1.5 Cleanup title references (HO)
)
\c@section@level=\count154
)
LaTeX Info: Redefining \ref on input line 94.
LaTeX Info: Redefining \pageref on input line 94.
LaTeX Info: Redefining \nameref on input line 94.
 (./Hubbard Model.out) (./Hubbard Model.out)
\@outlinefile=\write3
\openout3 = `"Hubbard Model.out"'.

LaTeX Font Info:    Font shape `T1/pplx/bx/n' in size <24.88> not available
(Font)              Font shape `T1/pplx/b/n' tried instead on input line 98.
LaTeX Font Info:    Try loading font information for OT1+pplx on input line 98.
 (/usr/local/texlive/2019/texmf-dist/tex/latex/psnfss/ot1pplx.fd
File: ot1pplx.fd 2004/09/06 font definitions for OT1/pplx.
)
LaTeX Font Info:    Try loading font information for OML+zplm on input line 98.
 (/usr/local/texlive/2019/texmf-dist/tex/latex/psnfss/omlzplm.fd
File: omlzplm.fd 2002/09/08 Fontinst v1.914 font definitions for OML/zplm.
)
LaTeX Font Info:    Try loading font information for OMS+zplm on input line 98.
 (/usr/local/texlive/2019/texmf-dist/tex/latex/psnfss/omszplm.fd
File: omszplm.fd 2002/09/08 Fontinst v1.914 font definitions for OMS/zplm.
)
LaTeX Font Info:    Try loading font information for OMX+zplm on input line 98.
 (/usr/local/texlive/2019/texmf-dist/tex/latex/psnfss/omxzplm.fd
File: omxzplm.fd 2002/09/08 Fontinst v1.914 font definitions for OMX/zplm.
)
LaTeX Font Info:    Try loading font information for OT1+zplm on input line 98.
 (/usr/local/texlive/2019/texmf-dist/tex/latex/psnfss/ot1zplm.fd
File: ot1zplm.fd 2002/09/08 Fontinst v1.914 font definitions for OT1/zplm.
)
Package microtype Info: Loading generic protrusion settings for font family
(microtype)             `zplm' (encoding: OT1).
(microtype)             For optimal results, create family-specific settings.
(microtype)             See the microtype manual for details.


LaTeX Warning: No \author given.

LaTeX Font Info:    Font shape `T1/pplx/bx/n' in size <10> not available
(Font)              Font shape `T1/pplx/b/n' tried instead on input line 98.
Package microtype Info: Character `029' is missing
(microtype)             in font `T1/pplx/m/sc/12'.
(microtype)             Ignoring protrusion settings for this character.
Package microtype Info: Character `029' is missing
(microtype)             in font `T1/pplx/m/sc/10'.
(microtype)             Ignoring protrusion settings for this character.
Package lettrine.sty Info: Targeted height = 30.07506pt
(lettrine.sty)             (no accent, loversize=0),
(lettrine.sty)             Lettrine height = 30.07518pt (H);
(lettrine.sty)             reported on input line 105.

Underfull \hbox (badness 2189) in paragraph at lines 105--110
[][]\T1/pplx/m/n/10 (+20) bbard Model is an ap-prox-i-mate
 []

[1{/usr/local/texlive/2019/texmf-var/fonts/map/pdftex/updmap/pdftex.map}


]
LaTeX Font Info:    Try loading font information for OMS+pplx on input line 178.
LaTeX Font Info:    No file OMSpplx.fd. on input line 178.


LaTeX Font Warning: Font shape `OMS/pplx/m/n' undefined
(Font)              using `OMS/cmsy/m/n' instead on input line 178.


LaTeX Warning: Command \textcircled invalid in math mode on input line 178.

./Hubbard Model.tex:178: Incomplete \ifodd; all text was ignored after line 178.
<inserted text> 
                \fi 
l.178 ...1}}} \rightarrow Site~1,~spin~\uparrow \\
                                                  
A forbidden control sequence occurred in skipped text.
This kind of error happens when you say `\if...' and forget
the matching `\fi'. I've inserted a `\fi'; this might work.

./Hubbard Model.tex:178: Missing $ inserted.
<inserted text> 
                $
l.178 ...1}}} \rightarrow Site~1,~spin~\uparrow \\
                                                  
I've inserted a begin-math/end-math symbol since I think
you left one out. Proceed, with fingers crossed.

./Hubbard Model.tex:178: Extra \fi.
\math@cr@@@ ...ef \next@ {&\kern -\alignsep@ }\fi 
                                                  \next@ \cr 
l.178 ...1}}} \rightarrow Site~1,~spin~\uparrow \\
                                                  
I'm ignoring this; it doesn't match any \if.

./Hubbard Model.tex:178: Undefined control sequence.
\math@cr@@@ ...t@ {&\kern -\alignsep@ }\fi \next@ 
                                                  \cr 
l.178 ...1}}} \rightarrow Site~1,~spin~\uparrow \\
                                                  
The control sequence at the end of the top line
of your error message was never \def'ed. If you have
misspelled it (e.g., `\hobx'), type `I' and the correct
spelling (e.g., `I\hbox'). Otherwise just continue,
and I'll forget about whatever was undefined.

./Hubbard Model.tex:178: Missing { inserted.
<inserted text> 
                {
l.178 ...1}}} \rightarrow Site~1,~spin~\uparrow \\
                                                  
I've put in what seems to be necessary to fix
the current column of the current alignment.
Try to go on, since this might almost work.


LaTeX Warning: Command \textcircled invalid in math mode on input line 179.

./Hubbard Model.tex:179: Incomplete \ifodd; all text was ignored after line 179.
<inserted text> 
                \fi 
l.179 ...}} \rightarrow Site~1,~spin~\downarrow \\
                                                  
A forbidden control sequence occurred in skipped text.
This kind of error happens when you say `\if...' and forget
the matching `\fi'. I've inserted a `\fi'; this might work.

./Hubbard Model.tex:179: Missing $ inserted.
<inserted text> 
                $
l.179 ...}} \rightarrow Site~1,~spin~\downarrow \\
                                                  
I've inserted a begin-math/end-math symbol since I think
you left one out. Proceed, with fingers crossed.

./Hubbard Model.tex:179: Extra \fi.
\math@cr@@@ ...ef \next@ {&\kern -\alignsep@ }\fi 
                                                  \next@ \cr 
l.179 ...}} \rightarrow Site~1,~spin~\downarrow \\
                                                  
I'm ignoring this; it doesn't match any \if.

./Hubbard Model.tex:179: Undefined control sequence.
\math@cr@@@ ...t@ {&\kern -\alignsep@ }\fi \next@ 
                                                  \cr 
l.179 ...}} \rightarrow Site~1,~spin~\downarrow \\
                                                  
The control sequence at the end of the top line
of your error message was never \def'ed. If you have
misspelled it (e.g., `\hobx'), type `I' and the correct
spelling (e.g., `I\hbox'). Otherwise just continue,
and I'll forget about whatever was undefined.

./Hubbard Model.tex:179: Missing { inserted.
<inserted text> 
                {
l.179 ...}} \rightarrow Site~1,~spin~\downarrow \\
                                                  
I've put in what seems to be necessary to fix
the current column of the current alignment.
Try to go on, since this might almost work.


LaTeX Warning: Command \textcircled invalid in math mode on input line 180.

./Hubbard Model.tex:180: Incomplete \ifodd; all text was ignored after line 180.
<inserted text> 
                \fi 
l.180 ...3}}} \rightarrow Site~2,~spin~\uparrow \\
                                                  
A forbidden control sequence occurred in skipped text.
This kind of error happens when you say `\if...' and forget
the matching `\fi'. I've inserted a `\fi'; this might work.

./Hubbard Model.tex:180: Missing $ inserted.
<inserted text> 
                $
l.180 ...3}}} \rightarrow Site~2,~spin~\uparrow \\
                                                  
I've inserted a begin-math/end-math symbol since I think
you left one out. Proceed, with fingers crossed.

./Hubbard Model.tex:180: Extra \fi.
\math@cr@@@ ...ef \next@ {&\kern -\alignsep@ }\fi 
                                                  \next@ \cr 
l.180 ...3}}} \rightarrow Site~2,~spin~\uparrow \\
                                                  
I'm ignoring this; it doesn't match any \if.

./Hubbard Model.tex:180: Undefined control sequence.
\math@cr@@@ ...t@ {&\kern -\alignsep@ }\fi \next@ 
                                                  \cr 
l.180 ...3}}} \rightarrow Site~2,~spin~\uparrow \\
                                                  
The control sequence at the end of the top line
of your error message was never \def'ed. If you have
misspelled it (e.g., `\hobx'), type `I' and the correct
spelling (e.g., `I\hbox'). Otherwise just continue,
and I'll forget about whatever was undefined.

./Hubbard Model.tex:180: Missing { inserted.
<inserted text> 
                {
l.180 ...3}}} \rightarrow Site~2,~spin~\uparrow \\
                                                  
I've put in what seems to be necessary to fix
the current column of the current alignment.
Try to go on, since this might almost work.


LaTeX Warning: Command \textcircled invalid in math mode on input line 181.

./Hubbard Model.tex:182: Missing { inserted.
<inserted text> 
                {
l.182 \end{aligned}
                   
I've put in what seems to be necessary to fix
the current column of the current alignment.
Try to go on, since this might almost work.

./Hubbard Model.tex:207: Missing } inserted.
<inserted text> 
                }
l.207 ...ma}\hat{b}_{k',\sigma}e^{-i(k-k')j+k'}+\\
                                                  
I've put in what seems to be necessary to fix
the current column of the current alignment.
Try to go on, since this might almost work.

./Hubbard Model.tex:209: Missing { inserted.
<inserted text> 
                {
l.209 \end{aligned}
                   
I've put in what seems to be necessary to fix
the current column of the current alignment.
Try to go on, since this might almost work.

LaTeX Font Info:    Try loading font information for U+fplmbb on input line 227.
(/usr/local/texlive/2019/texmf-dist/tex/latex/psnfss/ufplmbb.fd
File: ufplmbb.fd 2003/10/30 Fontinst v1.914 font definitions for U/fplmbb.
) [2]
Underfull \hbox (badness 10000) in paragraph at lines 302--303

 []


LaTeX Warning: Command \textcircled invalid in math mode on input line 321.


LaTeX Warning: Command \textcircled invalid in math mode on input line 321.


LaTeX Warning: Command \textcircled invalid in math mode on input line 323.


LaTeX Warning: Command \textcircled invalid in math mode on input line 323.


LaTeX Warning: Command \textcircled invalid in math mode on input line 325.


LaTeX Warning: Command \textcircled invalid in math mode on input line 325.


LaTeX Warning: Command \textcircled invalid in math mode on input line 327.


LaTeX Warning: Command \textcircled invalid in math mode on input line 327.


LaTeX Warning: Command \textcircled invalid in math mode on input line 334.


LaTeX Warning: Command \textcircled invalid in math mode on input line 334.


LaTeX Warning: Command \textcircled invalid in math mode on input line 336.


LaTeX Warning: Command \textcircled invalid in math mode on input line 336.


LaTeX Warning: Command \textcircled invalid in math mode on input line 338.


LaTeX Warning: Command \textcircled invalid in math mode on input line 338.


LaTeX Warning: Command \textcircled invalid in math mode on input line 340.


LaTeX Warning: Command \textcircled invalid in math mode on input line 340.


LaTeX Warning: Command \textcircled invalid in math mode on input line 350.


LaTeX Warning: Command \textcircled invalid in math mode on input line 350.


LaTeX Warning: Command \textcircled invalid in math mode on input line 350.


LaTeX Warning: Command \textcircled invalid in math mode on input line 350.


LaTeX Warning: Command \textcircled invalid in math mode on input line 352.


LaTeX Warning: Command \textcircled invalid in math mode on input line 352.


LaTeX Warning: Command \textcircled invalid in math mode on input line 352.


LaTeX Warning: Command \textcircled invalid in math mode on input line 352.


LaTeX Warning: Command \textcircled invalid in math mode on input line 354.


LaTeX Warning: Command \textcircled invalid in math mode on input line 354.


LaTeX Warning: Command \textcircled invalid in math mode on input line 354.


LaTeX Warning: Command \textcircled invalid in math mode on input line 354.


LaTeX Warning: Command \textcircled invalid in math mode on input line 356.


LaTeX Warning: Command \textcircled invalid in math mode on input line 356.


LaTeX Warning: Command \textcircled invalid in math mode on input line 356.


LaTeX Warning: Command \textcircled invalid in math mode on input line 356.


LaTeX Warning: Command \textcircled invalid in math mode on input line 365.


LaTeX Warning: Command \textcircled invalid in math mode on input line 365.


LaTeX Warning: Command \textcircled invalid in math mode on input line 365.


LaTeX Warning: Command \textcircled invalid in math mode on input line 365.


LaTeX Warning: Command \textcircled invalid in math mode on input line 366.


LaTeX Warning: Command \textcircled invalid in math mode on input line 366.


LaTeX Warning: Command \textcircled invalid in math mode on input line 366.


LaTeX Warning: Command \textcircled invalid in math mode on input line 366.


LaTeX Warning: Command \textcircled invalid in math mode on input line 366.


LaTeX Warning: Command \textcircled invalid in math mode on input line 366.


LaTeX Warning: Command \textcircled invalid in math mode on input line 366.


LaTeX Warning: Command \textcircled invalid in math mode on input line 366.


LaTeX Warning: Command \textcircled invalid in math mode on input line 367.


LaTeX Warning: Command \textcircled invalid in math mode on input line 367.


LaTeX Warning: Command \textcircled invalid in math mode on input line 367.


LaTeX Warning: Command \textcircled invalid in math mode on input line 367.


Overfull \hbox (8.5122pt too wide) detected at line 400
[][][]
 []


Underfull \hbox (badness 10000) in paragraph at lines 400--401

 []

[3]
Underfull \hbox (badness 10000) in paragraph at lines 413--414

 []


Underfull \hbox (badness 10000) in paragraph at lines 427--428

 []

LaTeX Font Info:    Font shape `T1/pplx/bx/n' in size <9> not available
(Font)              Font shape `T1/pplx/b/n' tried instead on input line 436.

Underfull \hbox (badness 10000) in paragraph at lines 451--452

 []


LaTeX Warning: Command \textcircled invalid in math mode on input line 470.


LaTeX Warning: Command \textcircled invalid in math mode on input line 470.

./Hubbard Model.tex:470: Incomplete \ifodd; all text was ignored after line 470.
<inserted text> 
                \fi 
l.470 ...1}}} \rightarrow Site~1,~spin~\uparrow \\
                                                  
A forbidden control sequence occurred in skipped text.
This kind of error happens when you say `\if...' and forget
the matching `\fi'. I've inserted a `\fi'; this might work.

./Hubbard Model.tex:470: Missing $ inserted.
<inserted text> 
                $
l.470 ...1}}} \rightarrow Site~1,~spin~\uparrow \\
                                                  
I've inserted a begin-math/end-math symbol since I think
you left one out. Proceed, with fingers crossed.

./Hubbard Model.tex:470: Extra \fi.
\math@cr@@@ ...ef \next@ {&\kern -\alignsep@ }\fi 
                                                  \next@ \cr 
l.470 ...1}}} \rightarrow Site~1,~spin~\uparrow \\
                                                  
I'm ignoring this; it doesn't match any \if.

./Hubbard Model.tex:470: Undefined control sequence.
\math@cr@@@ ...t@ {&\kern -\alignsep@ }\fi \next@ 
                                                  \cr 
l.470 ...1}}} \rightarrow Site~1,~spin~\uparrow \\
                                                  
The control sequence at the end of the top line
of your error message was never \def'ed. If you have
misspelled it (e.g., `\hobx'), type `I' and the correct
spelling (e.g., `I\hbox'). Otherwise just continue,
and I'll forget about whatever was undefined.

./Hubbard Model.tex:470: Missing { inserted.
<inserted text> 
                {
l.470 ...1}}} \rightarrow Site~1,~spin~\uparrow \\
                                                  
I've put in what seems to be necessary to fix
the current column of the current alignment.
Try to go on, since this might almost work.


LaTeX Warning: Command \textcircled invalid in math mode on input line 471.


LaTeX Warning: Command \textcircled invalid in math mode on input line 471.

./Hubbard Model.tex:471: Incomplete \ifodd; all text was ignored after line 471.
<inserted text> 
                \fi 
l.471 ...}} \rightarrow Site~1,~spin~\downarrow \\
                                                  
A forbidden control sequence occurred in skipped text.
This kind of error happens when you say `\if...' and forget
the matching `\fi'. I've inserted a `\fi'; this might work.

./Hubbard Model.tex:471: Missing $ inserted.
<inserted text> 
                $
l.471 ...}} \rightarrow Site~1,~spin~\downarrow \\
                                                  
I've inserted a begin-math/end-math symbol since I think
you left one out. Proceed, with fingers crossed.

./Hubbard Model.tex:471: Extra \fi.
\math@cr@@@ ...ef \next@ {&\kern -\alignsep@ }\fi 
                                                  \next@ \cr 
l.471 ...}} \rightarrow Site~1,~spin~\downarrow \\
                                                  
I'm ignoring this; it doesn't match any \if.

./Hubbard Model.tex:471: Undefined control sequence.
\math@cr@@@ ...t@ {&\kern -\alignsep@ }\fi \next@ 
                                                  \cr 
l.471 ...}} \rightarrow Site~1,~spin~\downarrow \\
                                                  
The control sequence at the end of the top line
of your error message was never \def'ed. If you have
misspelled it (e.g., `\hobx'), type `I' and the correct
spelling (e.g., `I\hbox'). Otherwise just continue,
and I'll forget about whatever was undefined.

./Hubbard Model.tex:471: Missing { inserted.
<inserted text> 
                {
l.471 ...}} \rightarrow Site~1,~spin~\downarrow \\
                                                  
I've put in what seems to be necessary to fix
the current column of the current alignment.
Try to go on, since this might almost work.


LaTeX Warning: Command \textcircled invalid in math mode on input line 472.


LaTeX Warning: Command \textcircled invalid in math mode on input line 472.

./Hubbard Model.tex:472: Incomplete \ifodd; all text was ignored after line 472.
<inserted text> 
                \fi 
l.472 ...3}}} \rightarrow Site~2,~spin~\uparrow \\
                                                  
A forbidden control sequence occurred in skipped text.
This kind of error happens when you say `\if...' and forget
the matching `\fi'. I've inserted a `\fi'; this might work.

./Hubbard Model.tex:472: Missing $ inserted.
<inserted text> 
                $
l.472 ...3}}} \rightarrow Site~2,~spin~\uparrow \\
                                                  
I've inserted a begin-math/end-math symbol since I think
you left one out. Proceed, with fingers crossed.

./Hubbard Model.tex:472: Extra \fi.
\math@cr@@@ ...ef \next@ {&\kern -\alignsep@ }\fi 
                                                  \next@ \cr 
l.472 ...3}}} \rightarrow Site~2,~spin~\uparrow \\
                                                  
I'm ignoring this; it doesn't match any \if.

./Hubbard Model.tex:472: Undefined control sequence.
\math@cr@@@ ...t@ {&\kern -\alignsep@ }\fi \next@ 
                                                  \cr 
l.472 ...3}}} \rightarrow Site~2,~spin~\uparrow \\
                                                  
The control sequence at the end of the top line
of your error message was never \def'ed. If you have
misspelled it (e.g., `\hobx'), type `I' and the correct
spelling (e.g., `I\hbox'). Otherwise just continue,
and I'll forget about whatever was undefined.

./Hubbard Model.tex:472: Missing { inserted.
<inserted text> 
                {
l.472 ...3}}} \rightarrow Site~2,~spin~\uparrow \\
                                                  
I've put in what seems to be necessary to fix
the current column of the current alignment.
Try to go on, since this might almost work.


LaTeX Warning: Command \textcircled invalid in math mode on input line 473.


LaTeX Warning: Command \textcircled invalid in math mode on input line 473.

./Hubbard Model.tex:474: Missing { inserted.
<inserted text> 
                {
l.474 \end{aligned}
                   
I've put in what seems to be necessary to fix
the current column of the current alignment.
Try to go on, since this might almost work.


LaTeX Warning: Command \textcircled invalid in math mode on input line 485.


LaTeX Warning: Command \textcircled invalid in math mode on input line 485.


LaTeX Warning: Command \textcircled invalid in math mode on input line 485.


LaTeX Warning: Command \textcircled invalid in math mode on input line 485.


LaTeX Warning: Command \textcircled invalid in math mode on input line 486.


LaTeX Warning: Command \textcircled invalid in math mode on input line 486.


LaTeX Warning: Command \textcircled invalid in math mode on input line 486.


LaTeX Warning: Command \textcircled invalid in math mode on input line 486.


LaTeX Warning: Command \textcircled invalid in math mode on input line 487.


LaTeX Warning: Command \textcircled invalid in math mode on input line 487.


LaTeX Warning: Command \textcircled invalid in math mode on input line 487.


LaTeX Warning: Command \textcircled invalid in math mode on input line 487.


LaTeX Warning: Command \textcircled invalid in math mode on input line 488.


LaTeX Warning: Command \textcircled invalid in math mode on input line 488.


LaTeX Warning: Command \textcircled invalid in math mode on input line 488.


LaTeX Warning: Command \textcircled invalid in math mode on input line 488.


LaTeX Warning: Command \textcircled invalid in math mode on input line 489.


LaTeX Warning: Command \textcircled invalid in math mode on input line 489.


LaTeX Warning: Command \textcircled invalid in math mode on input line 489.


LaTeX Warning: Command \textcircled invalid in math mode on input line 489.


LaTeX Warning: Command \textcircled invalid in math mode on input line 490.


LaTeX Warning: Command \textcircled invalid in math mode on input line 490.


LaTeX Warning: Command \textcircled invalid in math mode on input line 490.


LaTeX Warning: Command \textcircled invalid in math mode on input line 490.


LaTeX Warning: Command \textcircled invalid in math mode on input line 491.


LaTeX Warning: Command \textcircled invalid in math mode on input line 491.


LaTeX Warning: Command \textcircled invalid in math mode on input line 491.


LaTeX Warning: Command \textcircled invalid in math mode on input line 491.


LaTeX Warning: Command \textcircled invalid in math mode on input line 492.


LaTeX Warning: Command \textcircled invalid in math mode on input line 492.


LaTeX Warning: Command \textcircled invalid in math mode on input line 492.


LaTeX Warning: Command \textcircled invalid in math mode on input line 492.


LaTeX Warning: Command \textcircled invalid in math mode on input line 493.


LaTeX Warning: Command \textcircled invalid in math mode on input line 493.


LaTeX Warning: Command \textcircled invalid in math mode on input line 493.


LaTeX Warning: Command \textcircled invalid in math mode on input line 493.


LaTeX Warning: Command \textcircled invalid in math mode on input line 494.


LaTeX Warning: Command \textcircled invalid in math mode on input line 494.


LaTeX Warning: Command \textcircled invalid in math mode on input line 494.


LaTeX Warning: Command \textcircled invalid in math mode on input line 494.


LaTeX Warning: Command \textcircled invalid in math mode on input line 495.


LaTeX Warning: Command \textcircled invalid in math mode on input line 495.


LaTeX Warning: Command \textcircled invalid in math mode on input line 495.


LaTeX Warning: Command \textcircled invalid in math mode on input line 495.


LaTeX Warning: Command \textcircled invalid in math mode on input line 496.


LaTeX Warning: Command \textcircled invalid in math mode on input line 496.


LaTeX Warning: Command \textcircled invalid in math mode on input line 496.


LaTeX Warning: Command \textcircled invalid in math mode on input line 496.


LaTeX Warning: Command \textcircled invalid in math mode on input line 497.


LaTeX Warning: Command \textcircled invalid in math mode on input line 497.


LaTeX Warning: Command \textcircled invalid in math mode on input line 497.


LaTeX Warning: Command \textcircled invalid in math mode on input line 497.


LaTeX Warning: Command \textcircled invalid in math mode on input line 498.


LaTeX Warning: Command \textcircled invalid in math mode on input line 498.


LaTeX Warning: Command \textcircled invalid in math mode on input line 498.


LaTeX Warning: Command \textcircled invalid in math mode on input line 498.


LaTeX Warning: Command \textcircled invalid in math mode on input line 499.


LaTeX Warning: Command \textcircled invalid in math mode on input line 499.


LaTeX Warning: Command \textcircled invalid in math mode on input line 499.


LaTeX Warning: Command \textcircled invalid in math mode on input line 499.


LaTeX Warning: Command \textcircled invalid in math mode on input line 500.


LaTeX Warning: Command \textcircled invalid in math mode on input line 500.


LaTeX Warning: Command \textcircled invalid in math mode on input line 500.


LaTeX Warning: Command \textcircled invalid in math mode on input line 500.


Underfull \vbox (badness 10000) has occurred while \output is active []

 [4]

LaTeX Warning: Command \textcircled invalid in math mode on input line 505.


LaTeX Warning: Command \textcircled invalid in math mode on input line 505.


LaTeX Warning: Command \textcircled invalid in math mode on input line 510.


LaTeX Warning: Command \textcircled invalid in math mode on input line 510.


LaTeX Warning: Command \textcircled invalid in math mode on input line 510.


LaTeX Warning: Command \textcircled invalid in math mode on input line 510.


LaTeX Warning: Command \textcircled invalid in math mode on input line 511.


LaTeX Warning: Command \textcircled invalid in math mode on input line 511.


LaTeX Warning: Command \textcircled invalid in math mode on input line 511.


LaTeX Warning: Command \textcircled invalid in math mode on input line 511.


LaTeX Warning: Command \textcircled invalid in math mode on input line 512.


LaTeX Warning: Command \textcircled invalid in math mode on input line 512.


LaTeX Warning: Command \textcircled invalid in math mode on input line 512.


LaTeX Warning: Command \textcircled invalid in math mode on input line 512.


LaTeX Warning: Command \textcircled invalid in math mode on input line 513.


LaTeX Warning: Command \textcircled invalid in math mode on input line 513.


LaTeX Warning: Command \textcircled invalid in math mode on input line 513.


LaTeX Warning: Command \textcircled invalid in math mode on input line 513.


LaTeX Warning: Command \textcircled invalid in math mode on input line 514.


LaTeX Warning: Command \textcircled invalid in math mode on input line 514.


LaTeX Warning: Command \textcircled invalid in math mode on input line 514.


LaTeX Warning: Command \textcircled invalid in math mode on input line 514.


LaTeX Warning: Command \textcircled invalid in math mode on input line 515.


LaTeX Warning: Command \textcircled invalid in math mode on input line 515.


LaTeX Warning: Command \textcircled invalid in math mode on input line 515.


LaTeX Warning: Command \textcircled invalid in math mode on input line 515.


LaTeX Warning: Command \textcircled invalid in math mode on input line 516.


LaTeX Warning: Command \textcircled invalid in math mode on input line 516.


LaTeX Warning: Command \textcircled invalid in math mode on input line 516.


LaTeX Warning: Command \textcircled invalid in math mode on input line 516.


LaTeX Warning: Command \textcircled invalid in math mode on input line 517.


LaTeX Warning: Command \textcircled invalid in math mode on input line 517.


LaTeX Warning: Command \textcircled invalid in math mode on input line 517.


LaTeX Warning: Command \textcircled invalid in math mode on input line 517.


LaTeX Warning: Empty `thebibliography' environment on input line 550.

Package atveryend Info: Empty hook `BeforeClearDocument' on input line 554.
[5]
Package atveryend Info: Empty hook `AfterLastShipout' on input line 554.
 (./Hubbard Model.aux)
Package atveryend Info: Executing hook `AtVeryEndDocument' on input line 554.
Package atveryend Info: Executing hook `AtEndAfterFileList' on input line 554.
Package rerunfilecheck Info: File `"Hubbard Model".out' has not changed.
(rerunfilecheck)             Checksum: 262F10BC32BE7AC75B1CF8DDDABA55FB;493.


LaTeX Font Warning: Some font shapes were not available, defaults substituted.


LaTeX Warning: There were multiply-defined labels.

Package atveryend Info: Empty hook `AtVeryVeryEnd' on input line 554.
 ) 
Here is how much of TeX's memory you used:
 11200 strings out of 492616
 169952 string characters out of 6129481
 327669 words of memory out of 5000000
 14689 multiletter control sequences out of 15000+600000
 66063 words of font info for 232 fonts, out of 8000000 for 9000
 1141 hyphenation exceptions out of 8191
 36i,15n,43p,260b,369s stack positions out of 5000i,500n,10000p,200000b,80000s
{/usr/local/texlive/2019/texmf-dist/fonts/enc/dvips/base/8r.enc}</usr/local/texlive/2019/texmf-dist/fonts/type1/public/amsfonts/cm/cmmi10.pfb></usr/local/texlive/2019/texmf-dist/fonts/type1/public/amsfonts/cm/cmr10.pfb></usr/local/texlive/2019/texmf-dist/fonts/type1/public/amsfonts/cm/cmsy10.pfb></usr/local/texlive/2019/texmf-dist/fonts/type1/public/mathpazo/fplmbb.pfb></usr/local/texlive/2019/texmf-dist/fonts/type1/public/mathpazo/fplmr.pfb></usr/local/texlive/2019/texmf-dist/fonts/type1/public/mathpazo/fplmri.pfb></usr/local/texlive/2019/texmf-dist/fonts/type1/public/fpl/fplrc8a.pfb></usr/local/texlive/2019/texmf-dist/fonts/type1/urw/palatino/uplb8a.pfb></usr/local/texlive/2019/texmf-dist/fonts/type1/urw/palatino/uplr8a.pfb></usr/local/texlive/2019/texmf-dist/fonts/type1/urw/palatino/uplri8a.pfb>
Output written on "Hubbard Model.pdf" (5 pages, 129549 bytes).
PDF statistics:
 161 PDF objects out of 1000 (max. 8388607)
 142 compressed objects within 2 object streams
 43 named destinations out of 1000 (max. 500000)
 52801 words of extra memory for PDF output out of 61914 (max. 10000000)

